Arguments: 
  /usr/bin/node /usr/bin/yarn start-dev-site

PATH: 
  /usr/local/sbin:/usr/local/bin:/usr/bin:/usr/lib/jvm/default/bin:/usr/bin/site_perl:/usr/bin/vendor_perl:/usr/bin/core_perl

Yarn version: 
  1.5.1

Node version: 
  9.8.0

Platform: 
  linux x64

npm manifest: 
  {
    "name": "ucavtor-api",
    "version": "",
    "scripts": {
      "start": "../node_modules/micro/bin/micro.js -p 8084 src",
      "start-dev-api": "../node_modules/micro-dev/bin/micro-dev.js -p 8081 src",
      "build": "../node_modules/webpack/bin/webpack.js --progress --mode production"
    }
  }

yarn manifest: 
  No manifest

Lockfile: 
  No lockfile

Trace: 
  Error: Command "start-dev-site" not found.
      at new MessageError (/usr/lib/node_modules/yarn/lib/cli.js:186:110)
      at /usr/lib/node_modules/yarn/lib/cli.js:87307:17
      at Generator.next (<anonymous>)
      at step (/usr/lib/node_modules/yarn/lib/cli.js:98:30)
      at /usr/lib/node_modules/yarn/lib/cli.js:116:14
      at new Promise (<anonymous>)
      at new F (/usr/lib/node_modules/yarn/lib/cli.js:23451:28)
      at /usr/lib/node_modules/yarn/lib/cli.js:95:12
      at runCommand (/usr/lib/node_modules/yarn/lib/cli.js:87312:22)
      at Object.<anonymous> (/usr/lib/node_modules/yarn/lib/cli.js:87412:14)
